0 info it worked if it ends with ok
1 verbose cli [ '/usr/local/Cellar/node/4.1.1/bin/node',
1 verbose cli   '/usr/local/bin/npm',
1 verbose cli   'install',
1 verbose cli   'postgres' ]
2 info using npm@2.14.4
3 info using node@v4.1.1
4 verbose install initial load of /Volumes/Development/Projects/phonebook/package.json
5 verbose readDependencies loading dependencies from /Volumes/Development/Projects/phonebook/package.json
6 silly cache add args [ 'postgres', null ]
7 verbose cache add spec postgres
8 silly cache add parsed spec Result {
8 silly cache add   raw: 'postgres',
8 silly cache add   scope: null,
8 silly cache add   name: 'postgres',
8 silly cache add   rawSpec: '',
8 silly cache add   spec: '*',
8 silly cache add   type: 'range' }
9 silly addNamed postgres@*
10 verbose addNamed "*" is a valid semver range for postgres
11 silly addNameRange { name: 'postgres', range: '*', hasData: false }
12 silly mapToRegistry name postgres
13 silly mapToRegistry using default registry
14 silly mapToRegistry registry https://registry.npmjs.org/
15 silly mapToRegistry uri https://registry.npmjs.org/postgres
16 verbose addNameRange registry:https://registry.npmjs.org/postgres not in flight; fetching
17 verbose request uri https://registry.npmjs.org/postgres
18 verbose request no auth needed
19 info attempt registry request try #1 at 18:30:46
20 verbose request id dd6e5ba1fb6bcdbf
21 http request GET https://registry.npmjs.org/postgres
22 http 200 https://registry.npmjs.org/postgres
23 silly get cb [ 200,
23 silly get   { server: 'CouchDB/1.5.0 (Erlang OTP/R16B03)',
23 silly get     etag: '"647809U4Q7N40F8W8042QD9KL"',
23 silly get     'content-type': 'application/json',
23 silly get     'cache-control': 'max-age=60',
23 silly get     'content-length': '771',
23 silly get     'accept-ranges': 'bytes',
23 silly get     date: 'Mon, 12 Oct 2015 10:30:47 GMT',
23 silly get     via: '1.1 varnish',
23 silly get     age: '0',
23 silly get     connection: 'keep-alive',
23 silly get     'x-served-by': 'cache-hkg6824-HKG',
23 silly get     'x-cache': 'MISS',
23 silly get     'x-cache-hits': '0',
23 silly get     'x-timer': 'S1444645846.771000,VS0,VE247',
23 silly get     vary: 'Accept' } ]
24 verbose get saving postgres to /Users/ajcaminero/.npm/registry.npmjs.org/postgres/.cache.json
25 silly addNameRange number 2 { name: 'postgres', range: '*', hasData: true }
26 silly addNameRange versions [ 'postgres', [ '0.0.1' ] ]
27 silly addNamed postgres@0.0.1
28 verbose addNamed "0.0.1" is a plain semver version for postgres
29 silly mapToRegistry name postgres
30 silly mapToRegistry using default registry
31 silly mapToRegistry registry https://registry.npmjs.org/
32 silly mapToRegistry uri https://registry.npmjs.org/postgres
33 verbose addRemoteTarball https://registry.npmjs.org/postgres/-/postgres-0.0.1.tgz not in flight; adding
34 verbose addRemoteTarball [ 'https://registry.npmjs.org/postgres/-/postgres-0.0.1.tgz',
34 verbose addRemoteTarball   '93aecd0a7fcf620792bcc2c87a2ead432adaa833' ]
35 info retry fetch attempt 1 at 18:30:47
36 info attempt registry request try #1 at 18:30:47
37 http fetch GET https://registry.npmjs.org/postgres/-/postgres-0.0.1.tgz
38 http fetch 200 https://registry.npmjs.org/postgres/-/postgres-0.0.1.tgz
39 silly fetchAndShaCheck shasum 93aecd0a7fcf620792bcc2c87a2ead432adaa833
40 verbose addTmpTarball /var/folders/hl/_yhgx_hs7bq3s_dxjwn2v8mm0000gp/T/npm-2669-cf72fc30/registry.npmjs.org/postgres/-/postgres-0.0.1.tgz not in flight; adding
41 verbose addTmpTarball already have metadata; skipping unpack for postgres@0.0.1
42 silly cache afterAdd postgres@0.0.1
43 verbose afterAdd /Users/ajcaminero/.npm/postgres/0.0.1/package/package.json not in flight; writing
44 verbose afterAdd /Users/ajcaminero/.npm/postgres/0.0.1/package/package.json written
45 silly install resolved [ { name: 'postgres',
45 silly install resolved     version: '0.0.1',
45 silly install resolved     description: 'very basic libpg binding to node',
45 silly install resolved     author: { name: 'Ryan Dahl' },
45 silly install resolved     main: './postgres',
45 silly install resolved     scripts: { install: 'node-waf configure build' },
45 silly install resolved     _id: 'postgres@0.0.1',
45 silly install resolved     engines: { node: '*' },
45 silly install resolved     _nodeSupported: true,
45 silly install resolved     _npmVersion: '0.2.7-2',
45 silly install resolved     _nodeVersion: 'v0.3.1-pre',
45 silly install resolved     dist:
45 silly install resolved      { tarball: 'http://registry.npmjs.org/postgres/-/postgres-0.0.1.tgz',
45 silly install resolved        shasum: '93aecd0a7fcf620792bcc2c87a2ead432adaa833' },
45 silly install resolved     directories: {},
45 silly install resolved     _shasum: '93aecd0a7fcf620792bcc2c87a2ead432adaa833',
45 silly install resolved     _resolved: 'https://registry.npmjs.org/postgres/-/postgres-0.0.1.tgz',
45 silly install resolved     _from: 'postgres@*' } ]
46 info install postgres@0.0.1 into /Volumes/Development/Projects/phonebook
47 info installOne postgres@0.0.1
48 verbose installOne of postgres to /Volumes/Development/Projects/phonebook not in flight; installing
49 verbose lock using /Users/ajcaminero/.npm/_locks/postgres-a8c5e14dc6388659.lock for /Volumes/Development/Projects/phonebook/node_modules/postgres
50 silly install write writing postgres 0.0.1 to /Volumes/Development/Projects/phonebook/node_modules/postgres
51 verbose unbuild node_modules/postgres
52 silly gentlyRm /Volumes/Development/Projects/phonebook/node_modules/postgres is being purged from base /Volumes/Development/Projects/phonebook
53 verbose gentlyRm don't care about contents; nuking /Volumes/Development/Projects/phonebook/node_modules/postgres
54 verbose tar unpack /Users/ajcaminero/.npm/postgres/0.0.1/package.tgz
55 verbose tar unpacking to /Volumes/Development/Projects/phonebook/node_modules/postgres
56 silly gentlyRm /Volumes/Development/Projects/phonebook/node_modules/postgres is being purged
57 verbose gentlyRm don't care about contents; nuking /Volumes/Development/Projects/phonebook/node_modules/postgres
58 silly gunzTarPerm modes [ '755', '644' ]
59 silly gunzTarPerm extractEntry
60 silly gunzTarPerm extractEntry .gitignore
61 silly gunzTarPerm extractEntry ._.npmignore
62 silly gunzTarPerm extractEntry .npmignore
63 silly gunzTarPerm extractEntry binding.cc
64 silly gunzTarPerm extractEntry LICENSE-MIT
65 silly gunzTarPerm extractEntry ._package.json
66 silly gunzTarPerm extractEntry package.json
67 silly gunzTarPerm extractEntry postgres.js
68 silly gunzTarPerm extractEntry README
69 silly gunzTarPerm extractEntry test.js
70 silly gunzTarPerm extractEntry type-oids.h
71 silly gunzTarPerm extractEntry wscript
72 verbose write writing to /Volumes/Development/Projects/phonebook/node_modules/postgres/package.json
73 info preinstall postgres@0.0.1
74 verbose readDependencies loading dependencies from /Volumes/Development/Projects/phonebook/node_modules/postgres/package.json
75 verbose readDependencies loading dependencies from /Volumes/Development/Projects/phonebook/node_modules/postgres/package.json
76 silly install resolved []
77 verbose about to build /Volumes/Development/Projects/phonebook/node_modules/postgres
78 info build /Volumes/Development/Projects/phonebook/node_modules/postgres
79 info linkStuff postgres@0.0.1
80 silly linkStuff postgres@0.0.1 has /Volumes/Development/Projects/phonebook/node_modules as its parent node_modules
81 verbose linkBins postgres@0.0.1
82 verbose linkMans postgres@0.0.1
83 verbose rebuildBundles postgres@0.0.1
84 info install postgres@0.0.1
85 verbose unsafe-perm in lifecycle true
86 info postgres@0.0.1 Failed to exec install script
87 verbose unlock done using /Users/ajcaminero/.npm/_locks/postgres-a8c5e14dc6388659.lock for /Volumes/Development/Projects/phonebook/node_modules/postgres
88 verbose stack Error: postgres@0.0.1 install: `node-waf configure build`
88 verbose stack spawn ENOENT
88 verbose stack     at ChildProcess.<anonymous> (/usr/local/lib/node_modules/npm/lib/utils/spawn.js:17:16)
88 verbose stack     at emitTwo (events.js:87:13)
88 verbose stack     at ChildProcess.emit (events.js:172:7)
88 verbose stack     at maybeClose (internal/child_process.js:817:16)
88 verbose stack     at Process.ChildProcess._handle.onexit (internal/child_process.js:211:5)
89 verbose pkgid postgres@0.0.1
90 verbose cwd /Volumes/Development/Projects/phonebook
91 error Darwin 15.0.0
92 error argv "/usr/local/Cellar/node/4.1.1/bin/node" "/usr/local/bin/npm" "install" "postgres"
93 error node v4.1.1
94 error npm  v2.14.4
95 error file sh
96 error code ELIFECYCLE
97 error errno ENOENT
98 error syscall spawn
99 error postgres@0.0.1 install: `node-waf configure build`
99 error spawn ENOENT
100 error Failed at the postgres@0.0.1 install script 'node-waf configure build'.
100 error This is most likely a problem with the postgres package,
100 error not with npm itself.
100 error Tell the author that this fails on your system:
100 error     node-waf configure build
100 error You can get their info via:
100 error     npm owner ls postgres
100 error There is likely additional logging output above.
101 verbose exit [ 1, true ]
102 verbose unbuild node_modules/postgres
103 info preuninstall postgres@0.0.1
104 info uninstall postgres@0.0.1
105 verbose unbuild rmStuff postgres@0.0.1 from /Volumes/Development/Projects/phonebook/node_modules
106 info postuninstall postgres@0.0.1
107 silly gentlyRm /Volumes/Development/Projects/phonebook/node_modules/postgres is being purged from base /Volumes/Development/Projects/phonebook
108 verbose gentlyRm don't care about contents; nuking /Volumes/Development/Projects/phonebook/node_modules/postgres
109 silly vacuum-fs purging /Volumes/Development/Projects/phonebook/node_modules/postgres
110 silly vacuum-fs removing /Volumes/Development/Projects/phonebook/node_modules
111 silly vacuum-fs finished vacuuming up to /Volumes/Development/Projects/phonebook
